2020-06-14 11:01:52,462  INFO [main] - mil.dtic.selenium.RunTest.readExcel 80 - The value of i is -> 1
2020-06-14 11:01:52,478  INFO [main] - mil.dtic.selenium.RunTest.readExcel 81 - testSuitesheet -> Sheet1
2020-06-14 11:01:52,482  INFO [main] - mil.dtic.selenium.RunTest.readExcel 80 - The value of i is -> 2
2020-06-14 11:01:52,483  INFO [main] - mil.dtic.selenium.RunTest.readExcel 81 - testSuitesheet -> Sheet1
2020-06-14 11:01:52,483  INFO [main] - mil.dtic.selenium.RunTest.readExcel 80 - The value of i is -> 3
2020-06-14 11:01:52,484  INFO [main] - mil.dtic.selenium.RunTest.readExcel 81 - testSuitesheet -> Sheet1
2020-06-14 11:01:52,485  INFO [main] - mil.dtic.selenium.RunTest.readExcel 80 - The value of i is -> 4
2020-06-14 11:01:52,489  INFO [main] - mil.dtic.selenium.RunTest.readExcel 81 - testSuitesheet -> Sheet1
2020-06-14 11:01:52,489  INFO [main] - mil.dtic.selenium.RunTest.readExcel 80 - The value of i is -> 5
2020-06-14 11:01:52,490  INFO [main] - mil.dtic.selenium.RunTest.readExcel 81 - testSuitesheet -> Sheet1
2020-06-14 11:06:06,119  INFO [main] - mil.dtic.selenium.RunTest.readExcel 80 - The value of i is -> 1
2020-06-14 11:06:06,122  INFO [main] - mil.dtic.selenium.RunTest.readExcel 81 - testSuitesheet -> Sheet1
2020-06-14 11:06:06,124  INFO [main] - mil.dtic.selenium.RunTest.readExcel 80 - The value of i is -> 2
2020-06-14 11:06:06,124  INFO [main] - mil.dtic.selenium.RunTest.readExcel 81 - testSuitesheet -> Sheet1
2020-06-14 11:06:06,125  INFO [main] - mil.dtic.selenium.RunTest.readExcel 80 - The value of i is -> 3
2020-06-14 11:06:06,126  INFO [main] - mil.dtic.selenium.RunTest.readExcel 81 - testSuitesheet -> Sheet1
2020-06-14 11:06:06,127  INFO [main] - mil.dtic.selenium.RunTest.readExcel 80 - The value of i is -> 4
2020-06-14 11:06:06,129  INFO [main] - mil.dtic.selenium.RunTest.readExcel 81 - testSuitesheet -> Sheet1
2020-06-14 11:06:06,130  INFO [main] - mil.dtic.selenium.RunTest.readExcel 80 - The value of i is -> 5
2020-06-14 11:06:06,131  INFO [main] - mil.dtic.selenium.RunTest.readExcel 81 - testSuitesheet -> Sheet1
2020-06-14 11:06:06,213  INFO [main] - mil.dtic.selenium.RunTest.readExcel 93 - sheetTestSteps is -> Guru99Bank
2020-06-14 11:06:06,214  INFO [main] - mil.dtic.selenium.RunTest.readExcel 105 - TestCases: testCaseSerialNumber: 7
2020-06-14 11:06:06,214  INFO [main] - mil.dtic.selenium.RunTest.readExcel 106 - TestCases: testCaseNumber: TC7
2020-06-14 11:06:06,214  INFO [main] - mil.dtic.selenium.RunTest.readExcel 107 - TestCases: testCaseDescription: Guru99Bank
2020-06-14 11:06:06,215  INFO [main] - mil.dtic.selenium.RunTest.readExcel 108 - TestCases: testCaseExecutionFlag: Y
2020-06-14 11:06:06,277  INFO [main] - mil.dtic.selenium.Driver.InitateDriver 24 - Now opening Browser
2020-06-14 11:06:06,279  INFO [main] - mil.dtic.selenium.Driver.InitateDriver 27 - Configuration File Reader : Browser -> chrome
2020-06-14 11:06:06,279  INFO [main] - mil.dtic.selenium.Driver.InitateDriver 28 - Configuration File Reader : Driver Path -> ./webdriver/Chrome-Version-83/chromedriver_win32/chromedriver.exe
2020-06-14 11:06:06,280  INFO [main] - mil.dtic.selenium.Driver.InitateDriver 29 - Configuration File Reader : Driver Path -> ./webdriver/Chrome-Version-83/chromedriver_win32/chromedriver.exe
2020-06-14 11:06:06,280  INFO [main] - mil.dtic.selenium.Driver.InitateDriver 43 - In Chrome ...
2020-06-14 11:06:06,288  INFO [main] - mil.dtic.selenium.Driver.InitateDriver 52 - Setting Chrome driver ...
2020-06-14 11:06:15,118  INFO [main] - mil.dtic.selenium.Driver.InitateDriver 60 - Chrome browser started
2020-06-14 11:06:15,166  INFO [main] - mil.dtic.selenium.Driver.InitateDriver 66 - Wait time is -> 10
2020-06-14 11:06:17,197  INFO [main] - mil.dtic.selenium.RunTest.readExcel 151 - testStepsSerialNumber:1
2020-06-14 11:06:17,197  INFO [main] - mil.dtic.selenium.RunTest.readExcel 152 - testStepsDescription:Open url
2020-06-14 11:06:17,198  INFO [main] - mil.dtic.selenium.RunTest.readExcel 153 - webElement:
2020-06-14 11:06:17,198  INFO [main] - mil.dtic.selenium.RunTest.readExcel 154 - webElementValue:
2020-06-14 11:06:17,199  INFO [main] - mil.dtic.selenium.RunTest.readExcel 155 - inputValue:http://demo.guru99.com/V4/index.php
2020-06-14 11:06:17,199  INFO [main] - mil.dtic.selenium.RunTest.readExcel 156 - testStepsKeyword:url
2020-06-14 11:06:17,199  INFO [main] - mil.dtic.selenium.RunTest.readExcel 157 - testStepsAssertMethod:
2020-06-14 11:06:17,200  INFO [main] - mil.dtic.selenium.RunTest.readExcel 158 - testStepsActualValue:
2020-06-14 11:06:17,200  INFO [main] - mil.dtic.selenium.RunTest.readExcel 159 - testStepsExpectedValue:
2020-06-14 11:06:17,200  INFO [main] - mil.dtic.selenium.RunTest.readExcel 160 - testCaseExecutionFlag:Y
2020-06-14 11:06:17,201  INFO [main] - mil.dtic.selenium.RunTest.readExcel 162 - Setting testCaseExecutionFlag:Y to testCaseNumber : TC7
2020-06-14 11:06:17,201  INFO [main] - mil.dtic.selenium.RunTest.readExcel 165 - Executing performActions Method with the five arguments -url http://demo.guru99.com/V4/index.php    
2020-06-14 11:06:17,201  INFO [main] - mil.dtic.selenium.KeywordFunctions.runTest 34 - keyword: url inputValue: http://demo.guru99.com/V4/index.php webElementValue:  
2020-06-14 11:06:18,948  INFO [main] - mil.dtic.selenium.KeywordFunctions.runTest 256 - Url is opened sucessfully
2020-06-14 11:06:18,949  INFO [main] - mil.dtic.selenium.RunTest.readExcel 196 - TC7Y
2020-06-14 11:06:18,949  INFO [main] - mil.dtic.selenium.RunTest.readExcel 151 - testStepsSerialNumber:1
2020-06-14 11:06:18,950  INFO [main] - mil.dtic.selenium.RunTest.readExcel 152 - testStepsDescription:Enter correct Username
2020-06-14 11:06:18,950  INFO [main] - mil.dtic.selenium.RunTest.readExcel 153 - webElement:xpath
2020-06-14 11:06:18,951  INFO [main] - mil.dtic.selenium.RunTest.readExcel 154 - webElementValue://input[@name='uid']
2020-06-14 11:06:18,951  INFO [main] - mil.dtic.selenium.RunTest.readExcel 155 - inputValue:mngr265947
2020-06-14 11:06:18,952  INFO [main] - mil.dtic.selenium.RunTest.readExcel 156 - testStepsKeyword:input
2020-06-14 11:06:18,952  INFO [main] - mil.dtic.selenium.RunTest.readExcel 157 - testStepsAssertMethod:
2020-06-14 11:06:18,953  INFO [main] - mil.dtic.selenium.RunTest.readExcel 158 - testStepsActualValue:
2020-06-14 11:06:18,953  INFO [main] - mil.dtic.selenium.RunTest.readExcel 159 - testStepsExpectedValue:
2020-06-14 11:06:18,954  INFO [main] - mil.dtic.selenium.RunTest.readExcel 160 - testCaseExecutionFlag:Y
2020-06-14 11:06:18,954  INFO [main] - mil.dtic.selenium.RunTest.readExcel 162 - Setting testCaseExecutionFlag:Y to testCaseNumber : TC7
2020-06-14 11:06:18,955  INFO [main] - mil.dtic.selenium.RunTest.readExcel 165 - Executing performActions Method with the five arguments -input mngr265947 //input[@name='uid']   
2020-06-14 11:06:18,955  INFO [main] - mil.dtic.selenium.KeywordFunctions.runTest 34 - keyword: input inputValue: mngr265947 webElementValue:  //input[@name='uid']
2020-06-14 11:06:18,956  INFO [main] - mil.dtic.selenium.KeywordFunctions.runTest 87 - In keyword: input inputValue: mngr265947 webElementValue:  //input[@name='uid']
2020-06-14 11:06:18,965  INFO [main] - mil.dtic.selenium.KeywordFunctions.runDriver 345 - Web Element is an - > xpath
2020-06-14 11:06:18,965  INFO [main] - mil.dtic.selenium.KeywordFunctions.runDriver 346 - Now waiting for 30 ...
2020-06-14 11:06:20,031  INFO [main] - mil.dtic.selenium.KeywordFunctions.runDriver 348 - Found the element, moving on ...
2020-06-14 11:06:20,327  INFO [main] - mil.dtic.selenium.KeywordFunctions.runDriver 345 - Web Element is an - > xpath
2020-06-14 11:06:20,328  INFO [main] - mil.dtic.selenium.KeywordFunctions.runDriver 346 - Now waiting for 30 ...
2020-06-14 11:06:20,355  INFO [main] - mil.dtic.selenium.KeywordFunctions.runDriver 348 - Found the element, moving on ...
2020-06-14 11:06:20,826  INFO [main] - mil.dtic.selenium.KeywordFunctions.runTest 90 - Input is performed sucessfully
2020-06-14 11:06:20,826  INFO [main] - mil.dtic.selenium.RunTest.readExcel 196 - TC7Y
2020-06-14 11:06:20,827  INFO [main] - mil.dtic.selenium.RunTest.readExcel 151 - testStepsSerialNumber:2
2020-06-14 11:06:20,827  INFO [main] - mil.dtic.selenium.RunTest.readExcel 152 - testStepsDescription:Sleep 
2020-06-14 11:06:20,828  INFO [main] - mil.dtic.selenium.RunTest.readExcel 153 - webElement:
2020-06-14 11:06:20,828  INFO [main] - mil.dtic.selenium.RunTest.readExcel 154 - webElementValue:
2020-06-14 11:06:20,829  INFO [main] - mil.dtic.selenium.RunTest.readExcel 155 - inputValue:5
2020-06-14 11:06:20,829  INFO [main] - mil.dtic.selenium.RunTest.readExcel 156 - testStepsKeyword:sleep
2020-06-14 11:06:20,829  INFO [main] - mil.dtic.selenium.RunTest.readExcel 157 - testStepsAssertMethod:
2020-06-14 11:06:20,830  INFO [main] - mil.dtic.selenium.RunTest.readExcel 158 - testStepsActualValue:
2020-06-14 11:06:20,830  INFO [main] - mil.dtic.selenium.RunTest.readExcel 159 - testStepsExpectedValue:
2020-06-14 11:06:20,830  INFO [main] - mil.dtic.selenium.RunTest.readExcel 160 - testCaseExecutionFlag:Y
2020-06-14 11:06:20,830  INFO [main] - mil.dtic.selenium.RunTest.readExcel 162 - Setting testCaseExecutionFlag:Y to testCaseNumber : TC7
2020-06-14 11:06:20,831  INFO [main] - mil.dtic.selenium.RunTest.readExcel 165 - Executing performActions Method with the five arguments -sleep 5    
2020-06-14 11:06:20,831  INFO [main] - mil.dtic.selenium.KeywordFunctions.runTest 34 - keyword: sleep inputValue: 5 webElementValue:  
2020-06-14 11:06:25,833  INFO [main] - mil.dtic.selenium.KeywordFunctions.runTest 293 - sleep is done sucessfully
2020-06-14 11:06:25,834  INFO [main] - mil.dtic.selenium.RunTest.readExcel 196 - TC7Y
2020-06-14 11:06:25,835  INFO [main] - mil.dtic.selenium.RunTest.readExcel 151 - testStepsSerialNumber:3
2020-06-14 11:06:25,837  INFO [main] - mil.dtic.selenium.RunTest.readExcel 152 - testStepsDescription:Enter correct Password
2020-06-14 11:06:25,837  INFO [main] - mil.dtic.selenium.RunTest.readExcel 153 - webElement:name
2020-06-14 11:06:25,838  INFO [main] - mil.dtic.selenium.RunTest.readExcel 154 - webElementValue:password
2020-06-14 11:06:25,838  INFO [main] - mil.dtic.selenium.RunTest.readExcel 155 - inputValue:qatAvEn
2020-06-14 11:06:25,839  INFO [main] - mil.dtic.selenium.RunTest.readExcel 156 - testStepsKeyword:input
2020-06-14 11:06:25,840  INFO [main] - mil.dtic.selenium.RunTest.readExcel 157 - testStepsAssertMethod:
2020-06-14 11:06:25,843  INFO [main] - mil.dtic.selenium.RunTest.readExcel 158 - testStepsActualValue:
2020-06-14 11:06:25,844  INFO [main] - mil.dtic.selenium.RunTest.readExcel 159 - testStepsExpectedValue:
2020-06-14 11:06:25,852  INFO [main] - mil.dtic.selenium.RunTest.readExcel 160 - testCaseExecutionFlag:Y
2020-06-14 11:06:25,853  INFO [main] - mil.dtic.selenium.RunTest.readExcel 162 - Setting testCaseExecutionFlag:Y to testCaseNumber : TC7
2020-06-14 11:06:25,853  INFO [main] - mil.dtic.selenium.RunTest.readExcel 165 - Executing performActions Method with the five arguments -input qatAvEn password   
2020-06-14 11:06:25,854  INFO [main] - mil.dtic.selenium.KeywordFunctions.runTest 34 - keyword: input inputValue: qatAvEn webElementValue:  password
2020-06-14 11:06:25,854  INFO [main] - mil.dtic.selenium.KeywordFunctions.runTest 87 - In keyword: input inputValue: qatAvEn webElementValue:  password
2020-06-14 11:06:25,854  INFO [main] - mil.dtic.selenium.KeywordFunctions.runDriver 351 - Web Element is an - > name
2020-06-14 11:06:25,855  INFO [main] - mil.dtic.selenium.KeywordFunctions.runDriver 352 - Now waiting for 30 ...
2020-06-14 11:06:25,929  INFO [main] - mil.dtic.selenium.KeywordFunctions.runDriver 354 - Found the element, moving on ...
2020-06-14 11:06:25,998  INFO [main] - mil.dtic.selenium.KeywordFunctions.runDriver 351 - Web Element is an - > name
2020-06-14 11:06:25,999  INFO [main] - mil.dtic.selenium.KeywordFunctions.runDriver 352 - Now waiting for 30 ...
2020-06-14 11:06:26,015  INFO [main] - mil.dtic.selenium.KeywordFunctions.runDriver 354 - Found the element, moving on ...
2020-06-14 11:06:26,176  INFO [main] - mil.dtic.selenium.KeywordFunctions.runTest 90 - Input is performed sucessfully
2020-06-14 11:06:26,176  INFO [main] - mil.dtic.selenium.RunTest.readExcel 196 - TC7Y
2020-06-14 11:06:26,177  INFO [main] - mil.dtic.selenium.RunTest.readExcel 151 - testStepsSerialNumber:2
2020-06-14 11:06:26,177  INFO [main] - mil.dtic.selenium.RunTest.readExcel 152 - testStepsDescription:Sleep 
2020-06-14 11:06:26,178  INFO [main] - mil.dtic.selenium.RunTest.readExcel 153 - webElement:
2020-06-14 11:06:26,179  INFO [main] - mil.dtic.selenium.RunTest.readExcel 154 - webElementValue:
2020-06-14 11:06:26,179  INFO [main] - mil.dtic.selenium.RunTest.readExcel 155 - inputValue:5
2020-06-14 11:06:26,179  INFO [main] - mil.dtic.selenium.RunTest.readExcel 156 - testStepsKeyword:sleep
2020-06-14 11:06:26,180  INFO [main] - mil.dtic.selenium.RunTest.readExcel 157 - testStepsAssertMethod:
2020-06-14 11:06:26,180  INFO [main] - mil.dtic.selenium.RunTest.readExcel 158 - testStepsActualValue:
2020-06-14 11:06:26,180  INFO [main] - mil.dtic.selenium.RunTest.readExcel 159 - testStepsExpectedValue:
2020-06-14 11:06:26,180  INFO [main] - mil.dtic.selenium.RunTest.readExcel 160 - testCaseExecutionFlag:Y
2020-06-14 11:06:26,181  INFO [main] - mil.dtic.selenium.RunTest.readExcel 162 - Setting testCaseExecutionFlag:Y to testCaseNumber : TC7
2020-06-14 11:06:26,181  INFO [main] - mil.dtic.selenium.RunTest.readExcel 165 - Executing performActions Method with the five arguments -sleep 5    
2020-06-14 11:06:26,181  INFO [main] - mil.dtic.selenium.KeywordFunctions.runTest 34 - keyword: sleep inputValue: 5 webElementValue:  
2020-06-14 11:06:31,182  INFO [main] - mil.dtic.selenium.KeywordFunctions.runTest 293 - sleep is done sucessfully
2020-06-14 11:06:31,182  INFO [main] - mil.dtic.selenium.RunTest.readExcel 196 - TC7Y
2020-06-14 11:06:31,182  INFO [main] - mil.dtic.selenium.RunTest.readExcel 151 - testStepsSerialNumber:2
2020-06-14 11:06:31,183  INFO [main] - mil.dtic.selenium.RunTest.readExcel 152 - testStepsDescription:Click on Sign-In Button
2020-06-14 11:06:31,183  INFO [main] - mil.dtic.selenium.RunTest.readExcel 153 - webElement:xpath
2020-06-14 11:06:31,183  INFO [main] - mil.dtic.selenium.RunTest.readExcel 154 - webElementValue:/html/body/form/table/tbody/tr[3]/td[2]/input[1]
2020-06-14 11:06:31,184  INFO [main] - mil.dtic.selenium.RunTest.readExcel 155 - inputValue:
2020-06-14 11:06:31,184  INFO [main] - mil.dtic.selenium.RunTest.readExcel 156 - testStepsKeyword:click
2020-06-14 11:06:31,184  INFO [main] - mil.dtic.selenium.RunTest.readExcel 157 - testStepsAssertMethod:
2020-06-14 11:06:31,184  INFO [main] - mil.dtic.selenium.RunTest.readExcel 158 - testStepsActualValue:
2020-06-14 11:06:31,185  INFO [main] - mil.dtic.selenium.RunTest.readExcel 159 - testStepsExpectedValue:
2020-06-14 11:06:31,185  INFO [main] - mil.dtic.selenium.RunTest.readExcel 160 - testCaseExecutionFlag:Y
2020-06-14 11:06:31,185  INFO [main] - mil.dtic.selenium.RunTest.readExcel 162 - Setting testCaseExecutionFlag:Y to testCaseNumber : TC7
2020-06-14 11:06:31,186  INFO [main] - mil.dtic.selenium.RunTest.readExcel 165 - Executing performActions Method with the five arguments -click  /html/body/form/table/tbody/tr[3]/td[2]/input[1]   
2020-06-14 11:06:31,186  INFO [main] - mil.dtic.selenium.KeywordFunctions.runTest 34 - keyword: click inputValue:  webElementValue:  /html/body/form/table/tbody/tr[3]/td[2]/input[1]
2020-06-14 11:06:31,186  INFO [main] - mil.dtic.selenium.KeywordFunctions.runTest 40 - In keyword: click inputValue:  webElementValue:  /html/body/form/table/tbody/tr[3]/td[2]/input[1]
2020-06-14 11:06:31,187  INFO [main] - mil.dtic.selenium.KeywordFunctions.runDriver 345 - Web Element is an - > xpath
2020-06-14 11:06:31,187  INFO [main] - mil.dtic.selenium.KeywordFunctions.runDriver 346 - Now waiting for 30 ...
2020-06-14 11:06:31,210  INFO [main] - mil.dtic.selenium.KeywordFunctions.runDriver 348 - Found the element, moving on ...
2020-06-14 11:06:32,308  INFO [main] - mil.dtic.selenium.KeywordFunctions.runTest 42 - Click is performed sucessfully
2020-06-14 11:06:32,309  INFO [main] - mil.dtic.selenium.RunTest.readExcel 196 - TC7Y
2020-06-14 11:06:32,309  INFO [main] - mil.dtic.selenium.RunTest.readExcel 151 - testStepsSerialNumber:2
2020-06-14 11:06:32,310  INFO [main] - mil.dtic.selenium.RunTest.readExcel 152 - testStepsDescription:Sleep 
2020-06-14 11:06:32,312  INFO [main] - mil.dtic.selenium.RunTest.readExcel 153 - webElement:
2020-06-14 11:06:32,315  INFO [main] - mil.dtic.selenium.RunTest.readExcel 154 - webElementValue:
2020-06-14 11:06:32,315  INFO [main] - mil.dtic.selenium.RunTest.readExcel 155 - inputValue:10
2020-06-14 11:06:32,316  INFO [main] - mil.dtic.selenium.RunTest.readExcel 156 - testStepsKeyword:sleep
2020-06-14 11:06:32,316  INFO [main] - mil.dtic.selenium.RunTest.readExcel 157 - testStepsAssertMethod:
2020-06-14 11:06:32,316  INFO [main] - mil.dtic.selenium.RunTest.readExcel 158 - testStepsActualValue:
2020-06-14 11:06:32,316  INFO [main] - mil.dtic.selenium.RunTest.readExcel 159 - testStepsExpectedValue:
2020-06-14 11:06:32,317  INFO [main] - mil.dtic.selenium.RunTest.readExcel 160 - testCaseExecutionFlag:Y
2020-06-14 11:06:32,317  INFO [main] - mil.dtic.selenium.RunTest.readExcel 162 - Setting testCaseExecutionFlag:Y to testCaseNumber : TC7
2020-06-14 11:06:32,317  INFO [main] - mil.dtic.selenium.RunTest.readExcel 165 - Executing performActions Method with the five arguments -sleep 10    
2020-06-14 11:06:32,317  INFO [main] - mil.dtic.selenium.KeywordFunctions.runTest 34 - keyword: sleep inputValue: 10 webElementValue:  
2020-06-14 11:06:37,318  INFO [main] - mil.dtic.selenium.KeywordFunctions.runTest 293 - sleep is done sucessfully
2020-06-14 11:06:37,319  INFO [main] - mil.dtic.selenium.RunTest.readExcel 196 - TC7Y
2020-06-14 11:06:37,319  INFO [main] - mil.dtic.selenium.RunTest.readExcel 151 - testStepsSerialNumber:3
2020-06-14 11:06:37,319  INFO [main] - mil.dtic.selenium.RunTest.readExcel 152 - testStepsDescription:Close Browser
2020-06-14 11:06:37,320  INFO [main] - mil.dtic.selenium.RunTest.readExcel 153 - webElement:
2020-06-14 11:06:37,320  INFO [main] - mil.dtic.selenium.RunTest.readExcel 154 - webElementValue:
2020-06-14 11:06:37,320  INFO [main] - mil.dtic.selenium.RunTest.readExcel 155 - inputValue:
2020-06-14 11:06:37,321  INFO [main] - mil.dtic.selenium.RunTest.readExcel 156 - testStepsKeyword:CloseBrowser
2020-06-14 11:06:37,322  INFO [main] - mil.dtic.selenium.RunTest.readExcel 157 - testStepsAssertMethod:
2020-06-14 11:06:37,323  INFO [main] - mil.dtic.selenium.RunTest.readExcel 158 - testStepsActualValue:
2020-06-14 11:06:37,323  INFO [main] - mil.dtic.selenium.RunTest.readExcel 159 - testStepsExpectedValue:
2020-06-14 11:06:37,324  INFO [main] - mil.dtic.selenium.RunTest.readExcel 160 - testCaseExecutionFlag:Y
2020-06-14 11:06:37,324  INFO [main] - mil.dtic.selenium.RunTest.readExcel 162 - Setting testCaseExecutionFlag:Y to testCaseNumber : TC7
2020-06-14 11:06:37,324  INFO [main] - mil.dtic.selenium.RunTest.readExcel 165 - Executing performActions Method with the five arguments -CloseBrowser     
2020-06-14 11:06:37,325  INFO [main] - mil.dtic.selenium.KeywordFunctions.runTest 34 - keyword: CloseBrowser inputValue:  webElementValue:  
2020-06-14 11:06:38,218  INFO [main] - mil.dtic.selenium.KeywordFunctions.runTest 268 - Browser is closed sucessfully
2020-06-14 11:06:38,218  INFO [main] - mil.dtic.selenium.RunTest.readExcel 196 - TC7Y
2020-06-14 11:06:38,219  INFO [main] - mil.dtic.selenium.RunTest.readExcel 207 - In test case execution flag - Y
2020-06-14 11:06:38,219  INFO [main] - mil.dtic.selenium.RunTest.readExcel 230 - Adding to case list ...
2020-06-14 11:06:38,219  INFO [main] - mil.dtic.selenium.RunTest.writeToExcelFile 295 - Sheet -> Guru99Bank Test Case # -> TC7 Row Number is -> 1
2020-06-14 11:06:38,386  INFO [main] - mil.dtic.selenium.RunTest.writeToExcelFile 315 - obj.toString() -> TC7
2020-06-14 11:06:38,390  INFO [main] - mil.dtic.selenium.RunTest.writeToExcelFile 315 - obj.toString() -> 1
2020-06-14 11:06:38,392  INFO [main] - mil.dtic.selenium.RunTest.writeToExcelFile 315 - obj.toString() -> Open url
2020-06-14 11:06:38,393  INFO [main] - mil.dtic.selenium.RunTest.writeToExcelFile 315 - obj.toString() -> 
2020-06-14 11:06:38,395  INFO [main] - mil.dtic.selenium.RunTest.writeToExcelFile 315 - obj.toString() -> http://demo.guru99.com/V4/index.php
2020-06-14 11:06:38,400  INFO [main] - mil.dtic.selenium.RunTest.writeToExcelFile 315 - obj.toString() -> url
2020-06-14 11:06:38,401  INFO [main] - mil.dtic.selenium.RunTest.writeToExcelFile 315 - obj.toString() -> PASSED
2020-06-14 11:06:38,409  INFO [main] - mil.dtic.selenium.RunTest.writeToExcelFile 315 - obj.toString() -> Url is opened sucessfully
2020-06-14 11:06:39,547  INFO [main] - mil.dtic.selenium.RunTest.writeToExcelFile 295 - Sheet -> Guru99Bank Test Case # -> TC7 Row Number is -> 2
2020-06-14 11:06:39,556  INFO [main] - mil.dtic.selenium.RunTest.writeToExcelFile 315 - obj.toString() -> TC7
2020-06-14 11:06:39,557  INFO [main] - mil.dtic.selenium.RunTest.writeToExcelFile 315 - obj.toString() -> 1
2020-06-14 11:06:39,558  INFO [main] - mil.dtic.selenium.RunTest.writeToExcelFile 315 - obj.toString() -> Enter correct Username
2020-06-14 11:06:39,559  INFO [main] - mil.dtic.selenium.RunTest.writeToExcelFile 315 - obj.toString() -> //input[@name='uid']
2020-06-14 11:06:39,560  INFO [main] - mil.dtic.selenium.RunTest.writeToExcelFile 315 - obj.toString() -> mngr265947
2020-06-14 11:06:39,560  INFO [main] - mil.dtic.selenium.RunTest.writeToExcelFile 315 - obj.toString() -> input
2020-06-14 11:06:39,561  INFO [main] - mil.dtic.selenium.RunTest.writeToExcelFile 315 - obj.toString() -> PASSED
2020-06-14 11:06:39,562  INFO [main] - mil.dtic.selenium.RunTest.writeToExcelFile 315 - obj.toString() -> Input is performed sucessfully
2020-06-14 11:06:39,659  INFO [main] - mil.dtic.selenium.RunTest.writeToExcelFile 295 - Sheet -> Guru99Bank Test Case # -> TC7 Row Number is -> 3
2020-06-14 11:06:39,664  INFO [main] - mil.dtic.selenium.RunTest.writeToExcelFile 315 - obj.toString() -> TC7
2020-06-14 11:06:39,665  INFO [main] - mil.dtic.selenium.RunTest.writeToExcelFile 315 - obj.toString() -> 2
2020-06-14 11:06:39,666  INFO [main] - mil.dtic.selenium.RunTest.writeToExcelFile 315 - obj.toString() -> Sleep 
2020-06-14 11:06:39,753  INFO [main] - mil.dtic.selenium.RunTest.writeToExcelFile 315 - obj.toString() -> 
2020-06-14 11:06:39,756  INFO [main] - mil.dtic.selenium.RunTest.writeToExcelFile 315 - obj.toString() -> 5
2020-06-14 11:06:39,759  INFO [main] - mil.dtic.selenium.RunTest.writeToExcelFile 315 - obj.toString() -> sleep
2020-06-14 11:06:39,760  INFO [main] - mil.dtic.selenium.RunTest.writeToExcelFile 315 - obj.toString() -> PASSED
2020-06-14 11:06:39,761  INFO [main] - mil.dtic.selenium.RunTest.writeToExcelFile 315 - obj.toString() -> sleep is done sucessfully
2020-06-14 11:06:39,800  INFO [main] - mil.dtic.selenium.RunTest.writeToExcelFile 295 - Sheet -> Guru99Bank Test Case # -> TC7 Row Number is -> 4
2020-06-14 11:06:39,811  INFO [main] - mil.dtic.selenium.RunTest.writeToExcelFile 315 - obj.toString() -> TC7
2020-06-14 11:06:39,814  INFO [main] - mil.dtic.selenium.RunTest.writeToExcelFile 315 - obj.toString() -> 3
2020-06-14 11:06:39,815  INFO [main] - mil.dtic.selenium.RunTest.writeToExcelFile 315 - obj.toString() -> Enter correct Password
2020-06-14 11:06:39,832  INFO [main] - mil.dtic.selenium.RunTest.writeToExcelFile 315 - obj.toString() -> password
2020-06-14 11:06:39,834  INFO [main] - mil.dtic.selenium.RunTest.writeToExcelFile 315 - obj.toString() -> qatAvEn
2020-06-14 11:06:39,839  INFO [main] - mil.dtic.selenium.RunTest.writeToExcelFile 315 - obj.toString() -> input
2020-06-14 11:06:39,842  INFO [main] - mil.dtic.selenium.RunTest.writeToExcelFile 315 - obj.toString() -> PASSED
2020-06-14 11:06:39,843  INFO [main] - mil.dtic.selenium.RunTest.writeToExcelFile 315 - obj.toString() -> Input is performed sucessfully
2020-06-14 11:06:39,896  INFO [main] - mil.dtic.selenium.RunTest.writeToExcelFile 295 - Sheet -> Guru99Bank Test Case # -> TC7 Row Number is -> 5
2020-06-14 11:06:39,899  INFO [main] - mil.dtic.selenium.RunTest.writeToExcelFile 315 - obj.toString() -> TC7
2020-06-14 11:06:39,900  INFO [main] - mil.dtic.selenium.RunTest.writeToExcelFile 315 - obj.toString() -> 2
2020-06-14 11:06:39,901  INFO [main] - mil.dtic.selenium.RunTest.writeToExcelFile 315 - obj.toString() -> Sleep 
2020-06-14 11:06:39,903  INFO [main] - mil.dtic.selenium.RunTest.writeToExcelFile 315 - obj.toString() -> 
2020-06-14 11:06:39,911  INFO [main] - mil.dtic.selenium.RunTest.writeToExcelFile 315 - obj.toString() -> 5
2020-06-14 11:06:39,912  INFO [main] - mil.dtic.selenium.RunTest.writeToExcelFile 315 - obj.toString() -> sleep
2020-06-14 11:06:39,913  INFO [main] - mil.dtic.selenium.RunTest.writeToExcelFile 315 - obj.toString() -> PASSED
2020-06-14 11:06:39,914  INFO [main] - mil.dtic.selenium.RunTest.writeToExcelFile 315 - obj.toString() -> sleep is done sucessfully
2020-06-14 11:06:39,961  INFO [main] - mil.dtic.selenium.RunTest.writeToExcelFile 295 - Sheet -> Guru99Bank Test Case # -> TC7 Row Number is -> 6
2020-06-14 11:06:39,965  INFO [main] - mil.dtic.selenium.RunTest.writeToExcelFile 315 - obj.toString() -> TC7
2020-06-14 11:06:39,965  INFO [main] - mil.dtic.selenium.RunTest.writeToExcelFile 315 - obj.toString() -> 2
2020-06-14 11:06:39,966  INFO [main] - mil.dtic.selenium.RunTest.writeToExcelFile 315 - obj.toString() -> Click on Sign-In Button
2020-06-14 11:06:39,968  INFO [main] - mil.dtic.selenium.RunTest.writeToExcelFile 315 - obj.toString() -> /html/body/form/table/tbody/tr[3]/td[2]/input[1]
2020-06-14 11:06:39,973  INFO [main] - mil.dtic.selenium.RunTest.writeToExcelFile 315 - obj.toString() -> 
2020-06-14 11:06:39,974  INFO [main] - mil.dtic.selenium.RunTest.writeToExcelFile 315 - obj.toString() -> click
2020-06-14 11:06:39,975  INFO [main] - mil.dtic.selenium.RunTest.writeToExcelFile 315 - obj.toString() -> PASSED
2020-06-14 11:06:39,976  INFO [main] - mil.dtic.selenium.RunTest.writeToExcelFile 315 - obj.toString() -> Click is performed sucessfully
2020-06-14 11:06:40,028  INFO [main] - mil.dtic.selenium.RunTest.writeToExcelFile 295 - Sheet -> Guru99Bank Test Case # -> TC7 Row Number is -> 7
2020-06-14 11:06:40,032  INFO [main] - mil.dtic.selenium.RunTest.writeToExcelFile 315 - obj.toString() -> TC7
2020-06-14 11:06:40,033  INFO [main] - mil.dtic.selenium.RunTest.writeToExcelFile 315 - obj.toString() -> 2
2020-06-14 11:06:40,034  INFO [main] - mil.dtic.selenium.RunTest.writeToExcelFile 315 - obj.toString() -> Sleep 
2020-06-14 11:06:40,042  INFO [main] - mil.dtic.selenium.RunTest.writeToExcelFile 315 - obj.toString() -> 
2020-06-14 11:06:40,043  INFO [main] - mil.dtic.selenium.RunTest.writeToExcelFile 315 - obj.toString() -> 10
2020-06-14 11:06:40,044  INFO [main] - mil.dtic.selenium.RunTest.writeToExcelFile 315 - obj.toString() -> sleep
2020-06-14 11:06:40,045  INFO [main] - mil.dtic.selenium.RunTest.writeToExcelFile 315 - obj.toString() -> PASSED
2020-06-14 11:06:40,046  INFO [main] - mil.dtic.selenium.RunTest.writeToExcelFile 315 - obj.toString() -> sleep is done sucessfully
2020-06-14 11:06:40,132  INFO [main] - mil.dtic.selenium.RunTest.writeToExcelFile 295 - Sheet -> Guru99Bank Test Case # -> TC7 Row Number is -> 8
2020-06-14 11:06:40,135  INFO [main] - mil.dtic.selenium.RunTest.writeToExcelFile 315 - obj.toString() -> TC7
2020-06-14 11:06:40,136  INFO [main] - mil.dtic.selenium.RunTest.writeToExcelFile 315 - obj.toString() -> 3
2020-06-14 11:06:40,140  INFO [main] - mil.dtic.selenium.RunTest.writeToExcelFile 315 - obj.toString() -> Close Browser
2020-06-14 11:06:40,141  INFO [main] - mil.dtic.selenium.RunTest.writeToExcelFile 315 - obj.toString() -> 
2020-06-14 11:06:40,141  INFO [main] - mil.dtic.selenium.RunTest.writeToExcelFile 315 - obj.toString() -> 
2020-06-14 11:06:40,142  INFO [main] - mil.dtic.selenium.RunTest.writeToExcelFile 315 - obj.toString() -> CloseBrowser
2020-06-14 11:06:40,143  INFO [main] - mil.dtic.selenium.RunTest.writeToExcelFile 315 - obj.toString() -> PASSED
2020-06-14 11:06:40,144  INFO [main] - mil.dtic.selenium.RunTest.writeToExcelFile 315 - obj.toString() -> Browser is closed sucessfully
2020-06-14 11:06:40,201  INFO [main] - mil.dtic.selenium.RunTest.writeToExcelFile 295 - Sheet -> Test Cases Test Case # -> TC7 Row Number is -> 1
2020-06-14 11:06:40,206  INFO [main] - mil.dtic.selenium.RunTest.writeToExcelFile 315 - obj.toString() -> Guru99Bank
2020-06-14 11:06:40,207  INFO [main] - mil.dtic.selenium.RunTest.writeToExcelFile 315 - obj.toString() -> 7
2020-06-14 11:06:40,210  INFO [main] - mil.dtic.selenium.RunTest.writeToExcelFile 315 - obj.toString() -> TC7
2020-06-14 11:06:40,211  INFO [main] - mil.dtic.selenium.RunTest.writeToExcelFile 315 - obj.toString() -> Guru99Bank
2020-06-14 11:06:40,211  INFO [main] - mil.dtic.selenium.RunTest.writeToExcelFile 315 - obj.toString() -> Y
2020-06-14 11:06:40,212  INFO [main] - mil.dtic.selenium.RunTest.writeToExcelFile 315 - obj.toString() -> PASSED
2020-06-14 11:06:40,218  INFO [main] - mil.dtic.selenium.RunTest.writeToExcelFile 295 - Sheet -> Test Suite Test Case # -> LoginTestcases Row Number is -> 1
2020-06-14 11:06:40,222  INFO [main] - mil.dtic.selenium.RunTest.writeToExcelFile 315 - obj.toString() -> 1
2020-06-14 11:06:40,223  INFO [main] - mil.dtic.selenium.RunTest.writeToExcelFile 315 - obj.toString() -> LoginTestcases
2020-06-14 11:06:40,223  INFO [main] - mil.dtic.selenium.RunTest.writeToExcelFile 315 - obj.toString() -> N
2020-06-14 11:06:40,224  INFO [main] - mil.dtic.selenium.RunTest.writeToExcelFile 315 - obj.toString() -> SKIPPED
2020-06-14 11:06:40,246  INFO [main] - mil.dtic.selenium.RunTest.writeToExcelFile 295 - Sheet -> Test Suite Test Case # -> UserRegistrationTestCases Row Number is -> 2
2020-06-14 11:06:40,265  INFO [main] - mil.dtic.selenium.RunTest.writeToExcelFile 315 - obj.toString() -> 2
2020-06-14 11:06:40,267  INFO [main] - mil.dtic.selenium.RunTest.writeToExcelFile 315 - obj.toString() -> UserRegistrationTestCases
2020-06-14 11:06:40,268  INFO [main] - mil.dtic.selenium.RunTest.writeToExcelFile 315 - obj.toString() -> N
2020-06-14 11:06:40,273  INFO [main] - mil.dtic.selenium.RunTest.writeToExcelFile 315 - obj.toString() -> SKIPPED
2020-06-14 11:06:40,283  INFO [main] - mil.dtic.selenium.RunTest.writeToExcelFile 295 - Sheet -> Test Suite Test Case # -> AnotherTestCase Row Number is -> 3
2020-06-14 11:06:40,284  INFO [main] - mil.dtic.selenium.RunTest.writeToExcelFile 315 - obj.toString() -> 3
2020-06-14 11:06:40,284  INFO [main] - mil.dtic.selenium.RunTest.writeToExcelFile 315 - obj.toString() -> AnotherTestCase
2020-06-14 11:06:40,287  INFO [main] - mil.dtic.selenium.RunTest.writeToExcelFile 315 - obj.toString() -> N
2020-06-14 11:06:40,290  INFO [main] - mil.dtic.selenium.RunTest.writeToExcelFile 315 - obj.toString() -> SKIPPED
2020-06-14 11:06:40,295  INFO [main] - mil.dtic.selenium.RunTest.writeToExcelFile 295 - Sheet -> Test Suite Test Case # -> SpaceX Row Number is -> 4
2020-06-14 11:06:40,296  INFO [main] - mil.dtic.selenium.RunTest.writeToExcelFile 315 - obj.toString() -> 4
2020-06-14 11:06:40,297  INFO [main] - mil.dtic.selenium.RunTest.writeToExcelFile 315 - obj.toString() -> SpaceX
2020-06-14 11:06:40,299  INFO [main] - mil.dtic.selenium.RunTest.writeToExcelFile 315 - obj.toString() -> N
2020-06-14 11:06:40,300  INFO [main] - mil.dtic.selenium.RunTest.writeToExcelFile 315 - obj.toString() -> SKIPPED
2020-06-14 11:06:40,322  INFO [main] - mil.dtic.selenium.RunTest.writeToExcelFile 295 - Sheet -> Test Suite Test Case # -> Guru99Bank Row Number is -> 5
2020-06-14 11:06:40,324  INFO [main] - mil.dtic.selenium.RunTest.writeToExcelFile 315 - obj.toString() -> 5
2020-06-14 11:06:40,325  INFO [main] - mil.dtic.selenium.RunTest.writeToExcelFile 315 - obj.toString() -> Guru99Bank
2020-06-14 11:06:40,329  INFO [main] - mil.dtic.selenium.RunTest.writeToExcelFile 315 - obj.toString() -> Y
2020-06-14 11:06:40,330  INFO [main] - mil.dtic.selenium.RunTest.writeToExcelFile 315 - obj.toString() -> PASSED
2020-06-14 11:06:40,938  INFO [main] - mil.dtic.selenium.RunTest.readExcel 273 - Closing workbook ...
2020-06-14 11:18:56,969  INFO [main] - mil.dtic.selenium.RunTest.readExcel 80 - The value of i is -> 1
2020-06-14 11:18:56,972  INFO [main] - mil.dtic.selenium.RunTest.readExcel 81 - testSuitesheet -> Sheet1
2020-06-14 11:18:56,974  INFO [main] - mil.dtic.selenium.RunTest.readExcel 80 - The value of i is -> 2
2020-06-14 11:18:56,975  INFO [main] - mil.dtic.selenium.RunTest.readExcel 81 - testSuitesheet -> Sheet1
2020-06-14 11:18:56,975  INFO [main] - mil.dtic.selenium.RunTest.readExcel 80 - The value of i is -> 3
2020-06-14 11:18:56,976  INFO [main] - mil.dtic.selenium.RunTest.readExcel 81 - testSuitesheet -> Sheet1
2020-06-14 11:18:56,977  INFO [main] - mil.dtic.selenium.RunTest.readExcel 80 - The value of i is -> 4
2020-06-14 11:18:56,978  INFO [main] - mil.dtic.selenium.RunTest.readExcel 81 - testSuitesheet -> Sheet1
2020-06-14 11:18:56,979  INFO [main] - mil.dtic.selenium.RunTest.readExcel 80 - The value of i is -> 5
2020-06-14 11:18:56,979  INFO [main] - mil.dtic.selenium.RunTest.readExcel 81 - testSuitesheet -> Sheet1
2020-06-14 11:18:57,069  INFO [main] - mil.dtic.selenium.RunTest.readExcel 93 - sheetTestSteps is -> Guru99Bank
2020-06-14 11:18:57,070  INFO [main] - mil.dtic.selenium.RunTest.readExcel 105 - TestCases: testCaseSerialNumber: 7
2020-06-14 11:18:57,071  INFO [main] - mil.dtic.selenium.RunTest.readExcel 106 - TestCases: testCaseNumber: TC7
2020-06-14 11:18:57,072  INFO [main] - mil.dtic.selenium.RunTest.readExcel 107 - TestCases: testCaseDescription: Guru99Bank
2020-06-14 11:18:57,072  INFO [main] - mil.dtic.selenium.RunTest.readExcel 108 - TestCases: testCaseExecutionFlag: Y
2020-06-14 11:18:57,158  INFO [main] - mil.dtic.selenium.Driver.InitateDriver 24 - Now opening Browser
2020-06-14 11:18:57,159  INFO [main] - mil.dtic.selenium.Driver.InitateDriver 27 - Configuration File Reader : Browser -> chrome
2020-06-14 11:18:57,159  INFO [main] - mil.dtic.selenium.Driver.InitateDriver 28 - Configuration File Reader : Driver Path -> ./webdriver/Chrome-Version-83/chromedriver_win32/chromedriver.exe
2020-06-14 11:18:57,160  INFO [main] - mil.dtic.selenium.Driver.InitateDriver 29 - Configuration File Reader : Driver Path -> ./webdriver/Chrome-Version-83/chromedriver_win32/chromedriver.exe
2020-06-14 11:18:57,161  INFO [main] - mil.dtic.selenium.Driver.InitateDriver 43 - In Chrome ...
2020-06-14 11:18:57,172  INFO [main] - mil.dtic.selenium.Driver.InitateDriver 52 - Setting Chrome driver ...
2020-06-14 11:19:02,611  INFO [main] - mil.dtic.selenium.Driver.InitateDriver 60 - Chrome browser started
2020-06-14 11:19:02,620  INFO [main] - mil.dtic.selenium.Driver.InitateDriver 66 - Wait time is -> 10
2020-06-14 11:19:04,645  INFO [main] - mil.dtic.selenium.RunTest.readExcel 151 - testStepsSerialNumber:1
2020-06-14 11:19:04,646  INFO [main] - mil.dtic.selenium.RunTest.readExcel 152 - testStepsDescription:Open url
2020-06-14 11:19:04,646  INFO [main] - mil.dtic.selenium.RunTest.readExcel 153 - webElement:
2020-06-14 11:19:04,646  INFO [main] - mil.dtic.selenium.RunTest.readExcel 154 - webElementValue:
2020-06-14 11:19:04,647  INFO [main] - mil.dtic.selenium.RunTest.readExcel 155 - inputValue:http://demo.guru99.com/V4/index.php
2020-06-14 11:19:04,647  INFO [main] - mil.dtic.selenium.RunTest.readExcel 156 - testStepsKeyword:url
2020-06-14 11:19:04,648  INFO [main] - mil.dtic.selenium.RunTest.readExcel 157 - testStepsAssertMethod:
2020-06-14 11:19:04,648  INFO [main] - mil.dtic.selenium.RunTest.readExcel 158 - testStepsActualValue:
2020-06-14 11:19:04,648  INFO [main] - mil.dtic.selenium.RunTest.readExcel 159 - testStepsExpectedValue:
2020-06-14 11:19:04,648  INFO [main] - mil.dtic.selenium.RunTest.readExcel 160 - testCaseExecutionFlag:Y
2020-06-14 11:19:04,649  INFO [main] - mil.dtic.selenium.RunTest.readExcel 162 - Setting testCaseExecutionFlag:Y to testCaseNumber : TC7
2020-06-14 11:19:04,649  INFO [main] - mil.dtic.selenium.RunTest.readExcel 165 - Executing performActions Method with the five arguments -url http://demo.guru99.com/V4/index.php    
2020-06-14 11:19:04,649  INFO [main] - mil.dtic.selenium.KeywordFunctions.runTest 34 - keyword: url inputValue: http://demo.guru99.com/V4/index.php webElementValue:  
2020-06-14 11:19:06,136  INFO [main] - mil.dtic.selenium.KeywordFunctions.runTest 256 - Url is opened sucessfully
2020-06-14 11:19:06,136  INFO [main] - mil.dtic.selenium.RunTest.readExcel 196 - TC7Y
2020-06-14 11:19:06,137  INFO [main] - mil.dtic.selenium.RunTest.readExcel 151 - testStepsSerialNumber:1
2020-06-14 11:19:06,138  INFO [main] - mil.dtic.selenium.RunTest.readExcel 152 - testStepsDescription:Enter correct Username
2020-06-14 11:19:06,139  INFO [main] - mil.dtic.selenium.RunTest.readExcel 153 - webElement:xpath
2020-06-14 11:19:06,140  INFO [main] - mil.dtic.selenium.RunTest.readExcel 154 - webElementValue://input[@name='uid']
2020-06-14 11:19:06,143  INFO [main] - mil.dtic.selenium.RunTest.readExcel 155 - inputValue:mngr265947
2020-06-14 11:19:06,144  INFO [main] - mil.dtic.selenium.RunTest.readExcel 156 - testStepsKeyword:input
2020-06-14 11:19:06,147  INFO [main] - mil.dtic.selenium.RunTest.readExcel 157 - testStepsAssertMethod:
2020-06-14 11:19:06,149  INFO [main] - mil.dtic.selenium.RunTest.readExcel 158 - testStepsActualValue:
2020-06-14 11:19:06,150  INFO [main] - mil.dtic.selenium.RunTest.readExcel 159 - testStepsExpectedValue:
2020-06-14 11:19:06,150  INFO [main] - mil.dtic.selenium.RunTest.readExcel 160 - testCaseExecutionFlag:Y
2020-06-14 11:19:06,150  INFO [main] - mil.dtic.selenium.RunTest.readExcel 162 - Setting testCaseExecutionFlag:Y to testCaseNumber : TC7
2020-06-14 11:19:06,151  INFO [main] - mil.dtic.selenium.RunTest.readExcel 165 - Executing performActions Method with the five arguments -input mngr265947 //input[@name='uid']   
2020-06-14 11:19:06,151  INFO [main] - mil.dtic.selenium.KeywordFunctions.runTest 34 - keyword: input inputValue: mngr265947 webElementValue:  //input[@name='uid']
2020-06-14 11:19:06,151  INFO [main] - mil.dtic.selenium.KeywordFunctions.runTest 87 - In keyword: input inputValue: mngr265947 webElementValue:  //input[@name='uid']
2020-06-14 11:19:06,164  INFO [main] - mil.dtic.selenium.KeywordFunctions.runDriver 345 - Web Element is an - > xpath
2020-06-14 11:19:06,165  INFO [main] - mil.dtic.selenium.KeywordFunctions.runDriver 346 - Now waiting for 30 ...
2020-06-14 11:19:06,212  INFO [main] - mil.dtic.selenium.KeywordFunctions.runDriver 348 - Found the element, moving on ...
2020-06-14 11:19:07,094  INFO [main] - mil.dtic.selenium.KeywordFunctions.runDriver 345 - Web Element is an - > xpath
2020-06-14 11:19:07,095  INFO [main] - mil.dtic.selenium.KeywordFunctions.runDriver 346 - Now waiting for 30 ...
2020-06-14 11:19:07,118  INFO [main] - mil.dtic.selenium.KeywordFunctions.runDriver 348 - Found the element, moving on ...
2020-06-14 11:19:07,730  INFO [main] - mil.dtic.selenium.KeywordFunctions.runTest 90 - Input is performed sucessfully
2020-06-14 11:19:07,731  INFO [main] - mil.dtic.selenium.RunTest.readExcel 196 - TC7Y
2020-06-14 11:19:07,731  INFO [main] - mil.dtic.selenium.RunTest.readExcel 151 - testStepsSerialNumber:2
2020-06-14 11:19:07,732  INFO [main] - mil.dtic.selenium.RunTest.readExcel 152 - testStepsDescription:Sleep 
2020-06-14 11:19:07,732  INFO [main] - mil.dtic.selenium.RunTest.readExcel 153 - webElement:
2020-06-14 11:19:07,732  INFO [main] - mil.dtic.selenium.RunTest.readExcel 154 - webElementValue:
2020-06-14 11:19:07,733  INFO [main] - mil.dtic.selenium.RunTest.readExcel 155 - inputValue:5
2020-06-14 11:19:07,733  INFO [main] - mil.dtic.selenium.RunTest.readExcel 156 - testStepsKeyword:sleep
2020-06-14 11:19:07,733  INFO [main] - mil.dtic.selenium.RunTest.readExcel 157 - testStepsAssertMethod:
2020-06-14 11:19:07,733  INFO [main] - mil.dtic.selenium.RunTest.readExcel 158 - testStepsActualValue:
2020-06-14 11:19:07,734  INFO [main] - mil.dtic.selenium.RunTest.readExcel 159 - testStepsExpectedValue:
2020-06-14 11:19:07,734  INFO [main] - mil.dtic.selenium.RunTest.readExcel 160 - testCaseExecutionFlag:Y
2020-06-14 11:19:07,734  INFO [main] - mil.dtic.selenium.RunTest.readExcel 162 - Setting testCaseExecutionFlag:Y to testCaseNumber : TC7
2020-06-14 11:19:07,735  INFO [main] - mil.dtic.selenium.RunTest.readExcel 165 - Executing performActions Method with the five arguments -sleep 5    
2020-06-14 11:19:07,735  INFO [main] - mil.dtic.selenium.KeywordFunctions.runTest 34 - keyword: sleep inputValue: 5 webElementValue:  
2020-06-14 11:19:12,736  INFO [main] - mil.dtic.selenium.KeywordFunctions.runTest 293 - sleep is done sucessfully
2020-06-14 11:19:12,737  INFO [main] - mil.dtic.selenium.RunTest.readExcel 196 - TC7Y
2020-06-14 11:19:12,738  INFO [main] - mil.dtic.selenium.RunTest.readExcel 151 - testStepsSerialNumber:3
2020-06-14 11:19:12,740  INFO [main] - mil.dtic.selenium.RunTest.readExcel 152 - testStepsDescription:Enter correct Password
2020-06-14 11:19:12,740  INFO [main] - mil.dtic.selenium.RunTest.readExcel 153 - webElement:name
2020-06-14 11:19:12,740  INFO [main] - mil.dtic.selenium.RunTest.readExcel 154 - webElementValue:password
2020-06-14 11:19:12,741  INFO [main] - mil.dtic.selenium.RunTest.readExcel 155 - inputValue:qatAvEn
2020-06-14 11:19:12,741  INFO [main] - mil.dtic.selenium.RunTest.readExcel 156 - testStepsKeyword:input
2020-06-14 11:19:12,741  INFO [main] - mil.dtic.selenium.RunTest.readExcel 157 - testStepsAssertMethod:
2020-06-14 11:19:12,742  INFO [main] - mil.dtic.selenium.RunTest.readExcel 158 - testStepsActualValue:
2020-06-14 11:19:12,743  INFO [main] - mil.dtic.selenium.RunTest.readExcel 159 - testStepsExpectedValue:
2020-06-14 11:19:12,743  INFO [main] - mil.dtic.selenium.RunTest.readExcel 160 - testCaseExecutionFlag:Y
2020-06-14 11:19:12,743  INFO [main] - mil.dtic.selenium.RunTest.readExcel 162 - Setting testCaseExecutionFlag:Y to testCaseNumber : TC7
2020-06-14 11:19:12,743  INFO [main] - mil.dtic.selenium.RunTest.readExcel 165 - Executing performActions Method with the five arguments -input qatAvEn password   
2020-06-14 11:19:12,744  INFO [main] - mil.dtic.selenium.KeywordFunctions.runTest 34 - keyword: input inputValue: qatAvEn webElementValue:  password
2020-06-14 11:19:12,745  INFO [main] - mil.dtic.selenium.KeywordFunctions.runTest 87 - In keyword: input inputValue: qatAvEn webElementValue:  password
2020-06-14 11:19:12,745  INFO [main] - mil.dtic.selenium.KeywordFunctions.runDriver 351 - Web Element is an - > name
2020-06-14 11:19:12,746  INFO [main] - mil.dtic.selenium.KeywordFunctions.runDriver 352 - Now waiting for 30 ...
2020-06-14 11:19:13,000  INFO [main] - mil.dtic.selenium.KeywordFunctions.runDriver 354 - Found the element, moving on ...
2020-06-14 11:19:13,086  INFO [main] - mil.dtic.selenium.KeywordFunctions.runDriver 351 - Web Element is an - > name
2020-06-14 11:19:13,086  INFO [main] - mil.dtic.selenium.KeywordFunctions.runDriver 352 - Now waiting for 30 ...
2020-06-14 11:19:13,101  INFO [main] - mil.dtic.selenium.KeywordFunctions.runDriver 354 - Found the element, moving on ...
2020-06-14 11:19:13,294  INFO [main] - mil.dtic.selenium.KeywordFunctions.runTest 90 - Input is performed sucessfully
2020-06-14 11:19:13,294  INFO [main] - mil.dtic.selenium.RunTest.readExcel 196 - TC7Y
2020-06-14 11:19:13,294  INFO [main] - mil.dtic.selenium.RunTest.readExcel 151 - testStepsSerialNumber:2
2020-06-14 11:19:13,295  INFO [main] - mil.dtic.selenium.RunTest.readExcel 152 - testStepsDescription:Sleep 
2020-06-14 11:19:13,295  INFO [main] - mil.dtic.selenium.RunTest.readExcel 153 - webElement:
2020-06-14 11:19:13,295  INFO [main] - mil.dtic.selenium.RunTest.readExcel 154 - webElementValue:
2020-06-14 11:19:13,296  INFO [main] - mil.dtic.selenium.RunTest.readExcel 155 - inputValue:5
2020-06-14 11:19:13,296  INFO [main] - mil.dtic.selenium.RunTest.readExcel 156 - testStepsKeyword:sleep
2020-06-14 11:19:13,296  INFO [main] - mil.dtic.selenium.RunTest.readExcel 157 - testStepsAssertMethod:
2020-06-14 11:19:13,298  INFO [main] - mil.dtic.selenium.RunTest.readExcel 158 - testStepsActualValue:
2020-06-14 11:19:13,299  INFO [main] - mil.dtic.selenium.RunTest.readExcel 159 - testStepsExpectedValue:
2020-06-14 11:19:13,299  INFO [main] - mil.dtic.selenium.RunTest.readExcel 160 - testCaseExecutionFlag:Y
2020-06-14 11:19:13,299  INFO [main] - mil.dtic.selenium.RunTest.readExcel 162 - Setting testCaseExecutionFlag:Y to testCaseNumber : TC7
2020-06-14 11:19:13,299  INFO [main] - mil.dtic.selenium.RunTest.readExcel 165 - Executing performActions Method with the five arguments -sleep 5    
2020-06-14 11:19:13,300  INFO [main] - mil.dtic.selenium.KeywordFunctions.runTest 34 - keyword: sleep inputValue: 5 webElementValue:  
2020-06-14 11:19:18,301  INFO [main] - mil.dtic.selenium.KeywordFunctions.runTest 293 - sleep is done sucessfully
2020-06-14 11:19:18,301  INFO [main] - mil.dtic.selenium.RunTest.readExcel 196 - TC7Y
2020-06-14 11:19:18,301  INFO [main] - mil.dtic.selenium.RunTest.readExcel 151 - testStepsSerialNumber:2
2020-06-14 11:19:18,302  INFO [main] - mil.dtic.selenium.RunTest.readExcel 152 - testStepsDescription:Click on Sign-In Button
2020-06-14 11:19:18,302  INFO [main] - mil.dtic.selenium.RunTest.readExcel 153 - webElement:xpath
2020-06-14 11:19:18,302  INFO [main] - mil.dtic.selenium.RunTest.readExcel 154 - webElementValue:/html/body/form/table/tbody/tr[3]/td[2]/input[1]
2020-06-14 11:19:18,302  INFO [main] - mil.dtic.selenium.RunTest.readExcel 155 - inputValue:
2020-06-14 11:19:18,302  INFO [main] - mil.dtic.selenium.RunTest.readExcel 156 - testStepsKeyword:click
2020-06-14 11:19:18,303  INFO [main] - mil.dtic.selenium.RunTest.readExcel 157 - testStepsAssertMethod:
2020-06-14 11:19:18,303  INFO [main] - mil.dtic.selenium.RunTest.readExcel 158 - testStepsActualValue:
2020-06-14 11:19:18,303  INFO [main] - mil.dtic.selenium.RunTest.readExcel 159 - testStepsExpectedValue:
2020-06-14 11:19:18,303  INFO [main] - mil.dtic.selenium.RunTest.readExcel 160 - testCaseExecutionFlag:Y
2020-06-14 11:19:18,304  INFO [main] - mil.dtic.selenium.RunTest.readExcel 162 - Setting testCaseExecutionFlag:Y to testCaseNumber : TC7
2020-06-14 11:19:18,304  INFO [main] - mil.dtic.selenium.RunTest.readExcel 165 - Executing performActions Method with the five arguments -click  /html/body/form/table/tbody/tr[3]/td[2]/input[1]   
2020-06-14 11:19:18,304  INFO [main] - mil.dtic.selenium.KeywordFunctions.runTest 34 - keyword: click inputValue:  webElementValue:  /html/body/form/table/tbody/tr[3]/td[2]/input[1]
2020-06-14 11:19:18,305  INFO [main] - mil.dtic.selenium.KeywordFunctions.runTest 40 - In keyword: click inputValue:  webElementValue:  /html/body/form/table/tbody/tr[3]/td[2]/input[1]
2020-06-14 11:19:18,305  INFO [main] - mil.dtic.selenium.KeywordFunctions.runDriver 345 - Web Element is an - > xpath
2020-06-14 11:19:18,305  INFO [main] - mil.dtic.selenium.KeywordFunctions.runDriver 346 - Now waiting for 30 ...
2020-06-14 11:19:18,336  INFO [main] - mil.dtic.selenium.KeywordFunctions.runDriver 348 - Found the element, moving on ...
2020-06-14 11:19:19,304  INFO [main] - mil.dtic.selenium.KeywordFunctions.runTest 42 - Click is performed sucessfully
2020-06-14 11:19:19,305  INFO [main] - mil.dtic.selenium.RunTest.readExcel 196 - TC7Y
2020-06-14 11:19:19,305  INFO [main] - mil.dtic.selenium.RunTest.readExcel 151 - testStepsSerialNumber:2
2020-06-14 11:19:19,306  INFO [main] - mil.dtic.selenium.RunTest.readExcel 152 - testStepsDescription:Sleep 
2020-06-14 11:19:19,306  INFO [main] - mil.dtic.selenium.RunTest.readExcel 153 - webElement:
2020-06-14 11:19:19,306  INFO [main] - mil.dtic.selenium.RunTest.readExcel 154 - webElementValue:
2020-06-14 11:19:19,307  INFO [main] - mil.dtic.selenium.RunTest.readExcel 155 - inputValue:10
2020-06-14 11:19:19,307  INFO [main] - mil.dtic.selenium.RunTest.readExcel 156 - testStepsKeyword:sleep
2020-06-14 11:19:19,311  INFO [main] - mil.dtic.selenium.RunTest.readExcel 157 - testStepsAssertMethod:
2020-06-14 11:19:19,312  INFO [main] - mil.dtic.selenium.RunTest.readExcel 158 - testStepsActualValue:
2020-06-14 11:19:19,312  INFO [main] - mil.dtic.selenium.RunTest.readExcel 159 - testStepsExpectedValue:
2020-06-14 11:19:19,313  INFO [main] - mil.dtic.selenium.RunTest.readExcel 160 - testCaseExecutionFlag:Y
2020-06-14 11:19:19,313  INFO [main] - mil.dtic.selenium.RunTest.readExcel 162 - Setting testCaseExecutionFlag:Y to testCaseNumber : TC7
2020-06-14 11:19:19,314  INFO [main] - mil.dtic.selenium.RunTest.readExcel 165 - Executing performActions Method with the five arguments -sleep 10    
2020-06-14 11:19:19,314  INFO [main] - mil.dtic.selenium.KeywordFunctions.runTest 34 - keyword: sleep inputValue: 10 webElementValue:  
2020-06-14 11:19:24,316  INFO [main] - mil.dtic.selenium.KeywordFunctions.runTest 293 - sleep is done sucessfully
2020-06-14 11:19:24,316  INFO [main] - mil.dtic.selenium.RunTest.readExcel 196 - TC7Y
2020-06-14 11:19:24,316  INFO [main] - mil.dtic.selenium.RunTest.readExcel 151 - testStepsSerialNumber:3
2020-06-14 11:19:24,316  INFO [main] - mil.dtic.selenium.RunTest.readExcel 152 - testStepsDescription:Close Browser
2020-06-14 11:19:24,317  INFO [main] - mil.dtic.selenium.RunTest.readExcel 153 - webElement:
2020-06-14 11:19:24,317  INFO [main] - mil.dtic.selenium.RunTest.readExcel 154 - webElementValue:
2020-06-14 11:19:24,317  INFO [main] - mil.dtic.selenium.RunTest.readExcel 155 - inputValue:
2020-06-14 11:19:24,318  INFO [main] - mil.dtic.selenium.RunTest.readExcel 156 - testStepsKeyword:CloseBrowser
2020-06-14 11:19:24,318  INFO [main] - mil.dtic.selenium.RunTest.readExcel 157 - testStepsAssertMethod:
2020-06-14 11:19:24,318  INFO [main] - mil.dtic.selenium.RunTest.readExcel 158 - testStepsActualValue:
2020-06-14 11:19:24,318  INFO [main] - mil.dtic.selenium.RunTest.readExcel 159 - testStepsExpectedValue:
2020-06-14 11:19:24,319  INFO [main] - mil.dtic.selenium.RunTest.readExcel 160 - testCaseExecutionFlag:Y
2020-06-14 11:19:24,319  INFO [main] - mil.dtic.selenium.RunTest.readExcel 162 - Setting testCaseExecutionFlag:Y to testCaseNumber : TC7
2020-06-14 11:19:24,322  INFO [main] - mil.dtic.selenium.RunTest.readExcel 165 - Executing performActions Method with the five arguments -CloseBrowser     
2020-06-14 11:19:24,323  INFO [main] - mil.dtic.selenium.KeywordFunctions.runTest 34 - keyword: CloseBrowser inputValue:  webElementValue:  
2020-06-14 11:19:25,306  INFO [main] - mil.dtic.selenium.KeywordFunctions.runTest 268 - Browser is closed sucessfully
2020-06-14 11:19:25,306  INFO [main] - mil.dtic.selenium.RunTest.readExcel 196 - TC7Y
2020-06-14 11:19:25,307  INFO [main] - mil.dtic.selenium.RunTest.readExcel 207 - In test case execution flag - Y
2020-06-14 11:19:25,307  INFO [main] - mil.dtic.selenium.RunTest.readExcel 230 - Adding to case list ...
2020-06-14 11:19:25,308  INFO [main] - mil.dtic.selenium.RunTest.writeToExcelFile 295 - Sheet -> Guru99Bank Test Case # -> TC7 Row Number is -> 1
2020-06-14 11:19:25,367  INFO [main] - mil.dtic.selenium.RunTest.writeToExcelFile 315 - obj.toString() -> TC7
2020-06-14 11:19:25,369  INFO [main] - mil.dtic.selenium.RunTest.writeToExcelFile 315 - obj.toString() -> 1
2020-06-14 11:19:25,371  INFO [main] - mil.dtic.selenium.RunTest.writeToExcelFile 315 - obj.toString() -> Open url
2020-06-14 11:19:25,372  INFO [main] - mil.dtic.selenium.RunTest.writeToExcelFile 315 - obj.toString() -> 
2020-06-14 11:19:25,374  INFO [main] - mil.dtic.selenium.RunTest.writeToExcelFile 315 - obj.toString() -> http://demo.guru99.com/V4/index.php
2020-06-14 11:19:25,377  INFO [main] - mil.dtic.selenium.RunTest.writeToExcelFile 315 - obj.toString() -> url
2020-06-14 11:19:25,378  INFO [main] - mil.dtic.selenium.RunTest.writeToExcelFile 315 - obj.toString() -> PASSED
2020-06-14 11:19:25,382  INFO [main] - mil.dtic.selenium.RunTest.writeToExcelFile 315 - obj.toString() -> Url is opened sucessfully
2020-06-14 11:19:25,625  INFO [main] - mil.dtic.selenium.RunTest.writeToExcelFile 295 - Sheet -> Guru99Bank Test Case # -> TC7 Row Number is -> 2
2020-06-14 11:19:25,630  INFO [main] - mil.dtic.selenium.RunTest.writeToExcelFile 315 - obj.toString() -> TC7
2020-06-14 11:19:25,631  INFO [main] - mil.dtic.selenium.RunTest.writeToExcelFile 315 - obj.toString() -> 1
2020-06-14 11:19:25,631  INFO [main] - mil.dtic.selenium.RunTest.writeToExcelFile 315 - obj.toString() -> Enter correct Username
2020-06-14 11:19:25,632  INFO [main] - mil.dtic.selenium.RunTest.writeToExcelFile 315 - obj.toString() -> //input[@name='uid']
2020-06-14 11:19:25,633  INFO [main] - mil.dtic.selenium.RunTest.writeToExcelFile 315 - obj.toString() -> mngr265947
2020-06-14 11:19:25,633  INFO [main] - mil.dtic.selenium.RunTest.writeToExcelFile 315 - obj.toString() -> input
2020-06-14 11:19:25,634  INFO [main] - mil.dtic.selenium.RunTest.writeToExcelFile 315 - obj.toString() -> PASSED
2020-06-14 11:19:25,634  INFO [main] - mil.dtic.selenium.RunTest.writeToExcelFile 315 - obj.toString() -> Input is performed sucessfully
2020-06-14 11:19:25,715  INFO [main] - mil.dtic.selenium.RunTest.writeToExcelFile 295 - Sheet -> Guru99Bank Test Case # -> TC7 Row Number is -> 3
2020-06-14 11:19:25,725  INFO [main] - mil.dtic.selenium.RunTest.writeToExcelFile 315 - obj.toString() -> TC7
2020-06-14 11:19:25,728  INFO [main] - mil.dtic.selenium.RunTest.writeToExcelFile 315 - obj.toString() -> 2
2020-06-14 11:19:25,729  INFO [main] - mil.dtic.selenium.RunTest.writeToExcelFile 315 - obj.toString() -> Sleep 
2020-06-14 11:19:25,806  INFO [main] - mil.dtic.selenium.RunTest.writeToExcelFile 315 - obj.toString() -> 
2020-06-14 11:19:25,807  INFO [main] - mil.dtic.selenium.RunTest.writeToExcelFile 315 - obj.toString() -> 5
2020-06-14 11:19:25,808  INFO [main] - mil.dtic.selenium.RunTest.writeToExcelFile 315 - obj.toString() -> sleep
2020-06-14 11:19:25,809  INFO [main] - mil.dtic.selenium.RunTest.writeToExcelFile 315 - obj.toString() -> PASSED
2020-06-14 11:19:25,810  INFO [main] - mil.dtic.selenium.RunTest.writeToExcelFile 315 - obj.toString() -> sleep is done sucessfully
2020-06-14 11:19:25,850  INFO [main] - mil.dtic.selenium.RunTest.writeToExcelFile 295 - Sheet -> Guru99Bank Test Case # -> TC7 Row Number is -> 4
2020-06-14 11:19:25,863  INFO [main] - mil.dtic.selenium.RunTest.writeToExcelFile 315 - obj.toString() -> TC7
2020-06-14 11:19:25,863  INFO [main] - mil.dtic.selenium.RunTest.writeToExcelFile 315 - obj.toString() -> 3
2020-06-14 11:19:25,869  INFO [main] - mil.dtic.selenium.RunTest.writeToExcelFile 315 - obj.toString() -> Enter correct Password
2020-06-14 11:19:25,872  INFO [main] - mil.dtic.selenium.RunTest.writeToExcelFile 315 - obj.toString() -> password
2020-06-14 11:19:25,873  INFO [main] - mil.dtic.selenium.RunTest.writeToExcelFile 315 - obj.toString() -> qatAvEn
2020-06-14 11:19:25,874  INFO [main] - mil.dtic.selenium.RunTest.writeToExcelFile 315 - obj.toString() -> input
2020-06-14 11:19:25,874  INFO [main] - mil.dtic.selenium.RunTest.writeToExcelFile 315 - obj.toString() -> PASSED
2020-06-14 11:19:25,875  INFO [main] - mil.dtic.selenium.RunTest.writeToExcelFile 315 - obj.toString() -> Input is performed sucessfully
2020-06-14 11:19:25,899  INFO [main] - mil.dtic.selenium.RunTest.writeToExcelFile 295 - Sheet -> Guru99Bank Test Case # -> TC7 Row Number is -> 5
2020-06-14 11:19:25,906  INFO [main] - mil.dtic.selenium.RunTest.writeToExcelFile 315 - obj.toString() -> TC7
2020-06-14 11:19:25,907  INFO [main] - mil.dtic.selenium.RunTest.writeToExcelFile 315 - obj.toString() -> 2
2020-06-14 11:19:25,908  INFO [main] - mil.dtic.selenium.RunTest.writeToExcelFile 315 - obj.toString() -> Sleep 
2020-06-14 11:19:25,909  INFO [main] - mil.dtic.selenium.RunTest.writeToExcelFile 315 - obj.toString() -> 
2020-06-14 11:19:25,910  INFO [main] - mil.dtic.selenium.RunTest.writeToExcelFile 315 - obj.toString() -> 5
2020-06-14 11:19:25,911  INFO [main] - mil.dtic.selenium.RunTest.writeToExcelFile 315 - obj.toString() -> sleep
2020-06-14 11:19:25,914  INFO [main] - mil.dtic.selenium.RunTest.writeToExcelFile 315 - obj.toString() -> PASSED
2020-06-14 11:19:25,915  INFO [main] - mil.dtic.selenium.RunTest.writeToExcelFile 315 - obj.toString() -> sleep is done sucessfully
2020-06-14 11:19:25,966  INFO [main] - mil.dtic.selenium.RunTest.writeToExcelFile 295 - Sheet -> Guru99Bank Test Case # -> TC7 Row Number is -> 6
2020-06-14 11:19:25,976  INFO [main] - mil.dtic.selenium.RunTest.writeToExcelFile 315 - obj.toString() -> TC7
2020-06-14 11:19:25,980  INFO [main] - mil.dtic.selenium.RunTest.writeToExcelFile 315 - obj.toString() -> 2
2020-06-14 11:19:25,982  INFO [main] - mil.dtic.selenium.RunTest.writeToExcelFile 315 - obj.toString() -> Click on Sign-In Button
2020-06-14 11:19:25,984  INFO [main] - mil.dtic.selenium.RunTest.writeToExcelFile 315 - obj.toString() -> /html/body/form/table/tbody/tr[3]/td[2]/input[1]
2020-06-14 11:19:25,994  INFO [main] - mil.dtic.selenium.RunTest.writeToExcelFile 315 - obj.toString() -> 
2020-06-14 11:19:25,995  INFO [main] - mil.dtic.selenium.RunTest.writeToExcelFile 315 - obj.toString() -> click
2020-06-14 11:19:25,996  INFO [main] - mil.dtic.selenium.RunTest.writeToExcelFile 315 - obj.toString() -> PASSED
2020-06-14 11:19:25,998  INFO [main] - mil.dtic.selenium.RunTest.writeToExcelFile 315 - obj.toString() -> Click is performed sucessfully
2020-06-14 11:19:26,035  INFO [main] - mil.dtic.selenium.RunTest.writeToExcelFile 295 - Sheet -> Guru99Bank Test Case # -> TC7 Row Number is -> 7
2020-06-14 11:19:26,039  INFO [main] - mil.dtic.selenium.RunTest.writeToExcelFile 315 - obj.toString() -> TC7
2020-06-14 11:19:26,040  INFO [main] - mil.dtic.selenium.RunTest.writeToExcelFile 315 - obj.toString() -> 2
2020-06-14 11:19:26,041  INFO [main] - mil.dtic.selenium.RunTest.writeToExcelFile 315 - obj.toString() -> Sleep 
2020-06-14 11:19:26,042  INFO [main] - mil.dtic.selenium.RunTest.writeToExcelFile 315 - obj.toString() -> 
2020-06-14 11:19:26,044  INFO [main] - mil.dtic.selenium.RunTest.writeToExcelFile 315 - obj.toString() -> 10
2020-06-14 11:19:26,045  INFO [main] - mil.dtic.selenium.RunTest.writeToExcelFile 315 - obj.toString() -> sleep
2020-06-14 11:19:26,048  INFO [main] - mil.dtic.selenium.RunTest.writeToExcelFile 315 - obj.toString() -> PASSED
2020-06-14 11:19:26,050  INFO [main] - mil.dtic.selenium.RunTest.writeToExcelFile 315 - obj.toString() -> sleep is done sucessfully
2020-06-14 11:19:26,106  INFO [main] - mil.dtic.selenium.RunTest.writeToExcelFile 295 - Sheet -> Guru99Bank Test Case # -> TC7 Row Number is -> 8
2020-06-14 11:19:26,109  INFO [main] - mil.dtic.selenium.RunTest.writeToExcelFile 315 - obj.toString() -> TC7
2020-06-14 11:19:26,109  INFO [main] - mil.dtic.selenium.RunTest.writeToExcelFile 315 - obj.toString() -> 3
2020-06-14 11:19:26,110  INFO [main] - mil.dtic.selenium.RunTest.writeToExcelFile 315 - obj.toString() -> Close Browser
2020-06-14 11:19:26,112  INFO [main] - mil.dtic.selenium.RunTest.writeToExcelFile 315 - obj.toString() -> 
2020-06-14 11:19:26,113  INFO [main] - mil.dtic.selenium.RunTest.writeToExcelFile 315 - obj.toString() -> 
2020-06-14 11:19:26,114  INFO [main] - mil.dtic.selenium.RunTest.writeToExcelFile 315 - obj.toString() -> CloseBrowser
2020-06-14 11:19:26,115  INFO [main] - mil.dtic.selenium.RunTest.writeToExcelFile 315 - obj.toString() -> PASSED
2020-06-14 11:19:26,115  INFO [main] - mil.dtic.selenium.RunTest.writeToExcelFile 315 - obj.toString() -> Browser is closed sucessfully
2020-06-14 11:19:26,185  INFO [main] - mil.dtic.selenium.RunTest.writeToExcelFile 295 - Sheet -> Test Cases Test Case # -> TC7 Row Number is -> 1
2020-06-14 11:19:26,189  INFO [main] - mil.dtic.selenium.RunTest.writeToExcelFile 315 - obj.toString() -> Guru99Bank
2020-06-14 11:19:26,190  INFO [main] - mil.dtic.selenium.RunTest.writeToExcelFile 315 - obj.toString() -> 7
2020-06-14 11:19:26,190  INFO [main] - mil.dtic.selenium.RunTest.writeToExcelFile 315 - obj.toString() -> TC7
2020-06-14 11:19:26,191  INFO [main] - mil.dtic.selenium.RunTest.writeToExcelFile 315 - obj.toString() -> Guru99Bank
2020-06-14 11:19:26,191  INFO [main] - mil.dtic.selenium.RunTest.writeToExcelFile 315 - obj.toString() -> Y
2020-06-14 11:19:26,192  INFO [main] - mil.dtic.selenium.RunTest.writeToExcelFile 315 - obj.toString() -> PASSED
2020-06-14 11:19:26,197  INFO [main] - mil.dtic.selenium.RunTest.writeToExcelFile 295 - Sheet -> Test Suite Test Case # -> LoginTestcases Row Number is -> 1
2020-06-14 11:19:26,199  INFO [main] - mil.dtic.selenium.RunTest.writeToExcelFile 315 - obj.toString() -> 1
2020-06-14 11:19:26,200  INFO [main] - mil.dtic.selenium.RunTest.writeToExcelFile 315 - obj.toString() -> LoginTestcases
2020-06-14 11:19:26,203  INFO [main] - mil.dtic.selenium.RunTest.writeToExcelFile 315 - obj.toString() -> N
2020-06-14 11:19:26,206  INFO [main] - mil.dtic.selenium.RunTest.writeToExcelFile 315 - obj.toString() -> SKIPPED
2020-06-14 11:19:26,214  INFO [main] - mil.dtic.selenium.RunTest.writeToExcelFile 295 - Sheet -> Test Suite Test Case # -> UserRegistrationTestCases Row Number is -> 2
2020-06-14 11:19:26,218  INFO [main] - mil.dtic.selenium.RunTest.writeToExcelFile 315 - obj.toString() -> 2
2020-06-14 11:19:26,221  INFO [main] - mil.dtic.selenium.RunTest.writeToExcelFile 315 - obj.toString() -> UserRegistrationTestCases
2020-06-14 11:19:26,222  INFO [main] - mil.dtic.selenium.RunTest.writeToExcelFile 315 - obj.toString() -> N
2020-06-14 11:19:26,223  INFO [main] - mil.dtic.selenium.RunTest.writeToExcelFile 315 - obj.toString() -> SKIPPED
2020-06-14 11:19:26,229  INFO [main] - mil.dtic.selenium.RunTest.writeToExcelFile 295 - Sheet -> Test Suite Test Case # -> AnotherTestCase Row Number is -> 3
2020-06-14 11:19:26,230  INFO [main] - mil.dtic.selenium.RunTest.writeToExcelFile 315 - obj.toString() -> 3
2020-06-14 11:19:26,231  INFO [main] - mil.dtic.selenium.RunTest.writeToExcelFile 315 - obj.toString() -> AnotherTestCase
2020-06-14 11:19:26,231  INFO [main] - mil.dtic.selenium.RunTest.writeToExcelFile 315 - obj.toString() -> N
2020-06-14 11:19:26,232  INFO [main] - mil.dtic.selenium.RunTest.writeToExcelFile 315 - obj.toString() -> SKIPPED
2020-06-14 11:19:26,253  INFO [main] - mil.dtic.selenium.RunTest.writeToExcelFile 295 - Sheet -> Test Suite Test Case # -> SpaceX Row Number is -> 4
2020-06-14 11:19:26,258  INFO [main] - mil.dtic.selenium.RunTest.writeToExcelFile 315 - obj.toString() -> 4
2020-06-14 11:19:26,259  INFO [main] - mil.dtic.selenium.RunTest.writeToExcelFile 315 - obj.toString() -> SpaceX
2020-06-14 11:19:26,260  INFO [main] - mil.dtic.selenium.RunTest.writeToExcelFile 315 - obj.toString() -> N
2020-06-14 11:19:26,261  INFO [main] - mil.dtic.selenium.RunTest.writeToExcelFile 315 - obj.toString() -> SKIPPED
2020-06-14 11:19:26,272  INFO [main] - mil.dtic.selenium.RunTest.writeToExcelFile 295 - Sheet -> Test Suite Test Case # -> Guru99Bank Row Number is -> 5
2020-06-14 11:19:26,274  INFO [main] - mil.dtic.selenium.RunTest.writeToExcelFile 315 - obj.toString() -> 5
2020-06-14 11:19:26,275  INFO [main] - mil.dtic.selenium.RunTest.writeToExcelFile 315 - obj.toString() -> Guru99Bank
2020-06-14 11:19:26,275  INFO [main] - mil.dtic.selenium.RunTest.writeToExcelFile 315 - obj.toString() -> Y
2020-06-14 11:19:26,276  INFO [main] - mil.dtic.selenium.RunTest.writeToExcelFile 315 - obj.toString() -> PASSED
2020-06-14 11:19:26,570  INFO [main] - mil.dtic.selenium.RunTest.readExcel 273 - Closing workbook ...
